info it worked if it ends with ok
verbose cli [ 'node', '/Users/phil/local/node/bin/npm', 'publish' ]
info using npm@1.0.103
info using node@v0.4.7
verbose config file /Users/phil/.npmrc
verbose config file /Users/phil/local/node/etc/npmrc
verbose config file /Users/phil/local/node/lib/node_modules/npm/npmrc
verbose publish [ '.' ]
silly testEngine { name: 'givenwhenthen',
silly testEngine   version: '0.0.5',
silly testEngine   description: 'BDD semantics for Selenium and Sauce Labs in Node.js',
silly testEngine   homepage: 'http://mulabs.io/givenwhenthen/',
silly testEngine   author: 
silly testEngine    { name: 'Doug Wright',
silly testEngine      url: 'https://github.com/wright-io' },
silly testEngine   contributors: [ { name: 'Phil Cockfield' } ],
silly testEngine   main: './index.js',
silly testEngine   repository: 
silly testEngine    { type: 'git',
silly testEngine      url: 'git://github.com/wright-io/givenwhenthen.git' },
silly testEngine   dependencies: 
silly testEngine    { 'open.core': '>= 0.1.177',
silly testEngine      soda: '>= 0.2.4',
silly testEngine      'coffee-script': '>= 1.1.1',
silly testEngine      'jasmine-node': '>= 1.0.6' },
silly testEngine   keywords: 
silly testEngine    [ 'bdd',
silly testEngine      'tdd',
silly testEngine      'cucumber',
silly testEngine      'sauce labs',
silly testEngine      'selenium',
silly testEngine      'soda',
silly testEngine      'testing',
silly testEngine      'acceptance testing',
silly testEngine      'integration testing',
silly testEngine      'behavior driven development',
silly testEngine      'test driven development',
silly testEngine      'Dan North' ],
silly testEngine   licenses: 
silly testEngine    [ { type: 'MIT',
silly testEngine        url: 'https://github.com/wright-io/givenwhenthen/blob/master/README' } ],
silly testEngine   _npmUser: { name: 'philcockfield', email: 'phil@cockfield.net' },
silly testEngine   _id: 'givenwhenthen@0.0.5',
silly testEngine   devDependencies: {},
silly testEngine   engines: { node: '*' },
silly testEngine   _engineSupported: true,
silly testEngine   _npmVersion: '1.0.103',
silly testEngine   _nodeVersion: 'v0.4.7',
silly testEngine   _defaultsLoaded: true,
silly testEngine   scripts: {} }
verbose caching /Users/phil/Dropbox/Code/JavaScript/mu/givenwhenthen/package.json
verbose loadDefaults givenwhenthen@0.0.5
info prepublish givenwhenthen@0.0.5
verbose cache add [ '.', null ]
silly cache add: name, spec, args [ undefined, '.', [ '.', null ] ]
verbose parsed url { pathname: '.', href: '.' }
silly testEngine { name: 'givenwhenthen',
silly testEngine   version: '0.0.5',
silly testEngine   description: 'BDD semantics for Selenium and Sauce Labs in Node.js',
silly testEngine   homepage: 'http://mulabs.io/givenwhenthen/',
silly testEngine   author: 
silly testEngine    { name: 'Doug Wright',
silly testEngine      url: 'https://github.com/wright-io' },
silly testEngine   contributors: [ { name: 'Phil Cockfield' } ],
silly testEngine   main: './index.js',
silly testEngine   repository: 
silly testEngine    { type: 'git',
silly testEngine      url: 'git://github.com/wright-io/givenwhenthen.git' },
silly testEngine   dependencies: 
silly testEngine    { 'open.core': '>= 0.1.177',
silly testEngine      soda: '>= 0.2.4',
silly testEngine      'coffee-script': '>= 1.1.1',
silly testEngine      'jasmine-node': '>= 1.0.6' },
silly testEngine   keywords: 
silly testEngine    [ 'bdd',
silly testEngine      'tdd',
silly testEngine      'cucumber',
silly testEngine      'sauce labs',
silly testEngine      'selenium',
silly testEngine      'soda',
silly testEngine      'testing',
silly testEngine      'acceptance testing',
silly testEngine      'integration testing',
silly testEngine      'behavior driven development',
silly testEngine      'test driven development',
silly testEngine      'Dan North' ],
silly testEngine   licenses: 
silly testEngine    [ { type: 'MIT',
silly testEngine        url: 'https://github.com/wright-io/givenwhenthen/blob/master/README' } ],
silly testEngine   _npmUser: { name: 'philcockfield', email: 'phil@cockfield.net' },
silly testEngine   _id: 'givenwhenthen@0.0.5',
silly testEngine   devDependencies: {},
silly testEngine   engines: { node: '*' },
silly testEngine   _engineSupported: true,
silly testEngine   _npmVersion: '1.0.103',
silly testEngine   _nodeVersion: 'v0.4.7',
silly testEngine   _defaultsLoaded: true,
silly testEngine   path: '/Users/phil/Dropbox/Code/JavaScript/mu/givenwhenthen',
silly testEngine   bundleDependencies: [] }
verbose caching package.json
verbose loadDefaults givenwhenthen@0.0.5
verbose pack /Users/phil/Dropbox/Code/JavaScript/mu/givenwhenthen /var/folders/th/whln_bp51ds0l8nw5m95p3pw0000gn/T/npm-1322890763794/1322890763794-0.9214150286279619/tmp.tgz
silly testEngine { name: 'open.core',
silly testEngine   version: '0.1.185',
silly testEngine   description: 'Common utility functionality used between multiple applications.',
silly testEngine   homepage: 'https://github.com/philcockfield/open.core',
silly testEngine   author: 
silly testEngine    { name: 'Phil Cockfield',
silly testEngine      url: 'https://github.com/philcockfield' },
silly testEngine   main: './index.js',
silly testEngine   repository: 
silly testEngine    { type: 'git',
silly testEngine      url: 'git://github.com/philcockfield/open.core.git' },
silly testEngine   dependencies: 
silly testEngine    { express: '2.4.0',
silly testEngine      stylus: '>= 0.13.5',
silly testEngine      nib: '>= 0.0.8',
silly testEngine      jade: '>= 0.0.1',
silly testEngine      'coffee-script': '>= 1.1.1',
silly testEngine      underscore: '>=1.1.6',
silly testEngine      'underscore.string': '>=1.1.5',
silly testEngine      backbone: '>=0.3.3',
silly testEngine      jquery: '1.6.2',
silly testEngine      'uglify-js': '>= 1.0.3',
silly testEngine      rimraf: '>= 1.0.2',
silly testEngine      zombie: '0.10.2',
silly testEngine      'node-uuid': '1.2.0',
silly testEngine      markdown: '>= 0.3.1',
silly testEngine      mongoose: '>= 2.1.0',
silly testEngine      everyauth: '>= 0.2.23',
silly testEngine      restler: '>= 0.2.1' },
silly testEngine   keywords: [ 'utility', 'core', 'foundation', 'library', 'common' ],
silly testEngine   licenses: 
silly testEngine    [ { type: 'MIT',
silly testEngine        url: 'https://github.com/philcockfield/open.core/blob/master/README.md' } ],
silly testEngine   _npmUser: { name: 'philcockfield', email: 'phil@cockfield.net' },
silly testEngine   _id: 'open.core@0.1.185',
silly testEngine   devDependencies: {},
silly testEngine   engines: { node: '*' },
silly testEngine   _engineSupported: true,
silly testEngine   _npmVersion: '1.0.103',
silly testEngine   _nodeVersion: 'v0.4.7',
silly testEngine   _defaultsLoaded: true }
verbose caching /Users/phil/Dropbox/Code/JavaScript/open.js/open.core/package.json
verbose loadDefaults open.core@0.1.185
verbose mkdir (expected) error ENOENT, No such file or directory '/var/folders/th/whln_bp51ds0l8nw5m95p3pw0000gn/T/npm-1322890763794'
verbose mkdir (expected) error ENOENT, No such file or directory '/var/folders/th/whln_bp51ds0l8nw5m95p3pw0000gn/T/npm-1322890763794/1322890763794-0.9214150286279619'
verbose mkdir done: /var/folders/th/whln_bp51ds0l8nw5m95p3pw0000gn/T/npm-1322890763794/1322890763794-0.9214150286279619 755
verbose mkdir'ed /var/folders/th/whln_bp51ds0l8nw5m95p3pw0000gn/T/npm-1322890763794/1322890763794-0.9214150286279619
verbose tar about to write tar and gzip it.
silly tar args [ '-czvf', '-', '-T', '-' ]
silly spawning [ 'tar',
silly spawning   [ '-czvf', '-', '-T', '-' ],
silly spawning   '/Users/phil/Dropbox/Code/JavaScript/mu' ]
verbose mkdir (expected) error ENOENT, No such file or directory '/var/folders/th/whln_bp51ds0l8nw5m95p3pw0000gn/T/npm-1322890763794/1322890763794-0.9214150286279619/contents'
verbose mkdir (expected) error ENOENT, No such file or directory '/var/folders/th/whln_bp51ds0l8nw5m95p3pw0000gn/T/npm-1322890763794/1322890763794-0.9214150286279619/contents/___package.npm'
verbose mkdir done: /var/folders/th/whln_bp51ds0l8nw5m95p3pw0000gn/T/npm-1322890763794/1322890763794-0.9214150286279619/contents/___package.npm 755
verbose unpack_ uid, gid [ undefined, undefined ]
verbose unpackTarget /var/folders/th/whln_bp51ds0l8nw5m95p3pw0000gn/T/npm-1322890763794/1322890763794-0.9214150286279619/contents/package
silly gunzTarPerm modes [ '755', '644' ]
silly spawning [ 'tar',
silly spawning   [ '-zmvxpf',
silly spawning     '/var/folders/th/whln_bp51ds0l8nw5m95p3pw0000gn/T/npm-1322890763794/1322890763794-0.9214150286279619/tmp.tgz',
silly spawning     '-o' ],
silly spawning   '/var/folders/th/whln_bp51ds0l8nw5m95p3pw0000gn/T/npm-1322890763794/1322890763794-0.9214150286279619/contents/___package.npm' ]
silly tar err x givenwhenthen/.gitignore
silly tar err x givenwhenthen/.nodemonignore
silly tar err x givenwhenthen/Cakefile
silly tar err x givenwhenthen/index.js
silly tar err x givenwhenthen/package.json
silly tar err x givenwhenthen/README.md
silly tar err x givenwhenthen/content/landing_page.md
silly tar err x givenwhenthen/lib/acceptance.coffee
silly tar err x givenwhenthen/lib/acceptance_tools.coffee
silly tar err x givenwhenthen/lib/fs.coffee
silly tar err x givenwhenthen/test/acceptance_spec.coffee
silly tar err x givenwhenthen/test/acceptance_tools_spec.coffee
silly tar err x givenwhenthen/test/fs_spec.coffee
silly tar err x givenwhenthen/examples/Cakefile
silly tar err x givenwhenthen/examples/test/acceptance/config.coffee
silly tar err x givenwhenthen/examples/test/acceptance/steps/common_steps.coffee
silly tar err x givenwhenthen/examples/test/acceptance/steps/other_steps.coffee
silly tar err x givenwhenthen/examples/test/acceptance/tests/google_search_test.coffee
silly asyncMap in gTP /var/folders/th/whln_bp51ds0l8nw5m95p3pw0000gn/T/npm-1322890763794/1322890763794-0.9214150286279619/contents/___package.npm/givenwhenthen
silly asyncMap in gTP /var/folders/th/whln_bp51ds0l8nw5m95p3pw0000gn/T/npm-1322890763794/1322890763794-0.9214150286279619/contents/___package.npm/givenwhenthen/.gitignore
silly asyncMap in gTP /var/folders/th/whln_bp51ds0l8nw5m95p3pw0000gn/T/npm-1322890763794/1322890763794-0.9214150286279619/contents/___package.npm/givenwhenthen/.nodemonignore
silly asyncMap in gTP /var/folders/th/whln_bp51ds0l8nw5m95p3pw0000gn/T/npm-1322890763794/1322890763794-0.9214150286279619/contents/___package.npm/givenwhenthen/Cakefile
silly asyncMap in gTP /var/folders/th/whln_bp51ds0l8nw5m95p3pw0000gn/T/npm-1322890763794/1322890763794-0.9214150286279619/contents/___package.npm/givenwhenthen/index.js
silly asyncMap in gTP /var/folders/th/whln_bp51ds0l8nw5m95p3pw0000gn/T/npm-1322890763794/1322890763794-0.9214150286279619/contents/___package.npm/givenwhenthen/package.json
silly asyncMap in gTP /var/folders/th/whln_bp51ds0l8nw5m95p3pw0000gn/T/npm-1322890763794/1322890763794-0.9214150286279619/contents/___package.npm/givenwhenthen/README.md
silly asyncMap in gTP /var/folders/th/whln_bp51ds0l8nw5m95p3pw0000gn/T/npm-1322890763794/1322890763794-0.9214150286279619/contents/___package.npm/givenwhenthen/content
silly asyncMap in gTP /var/folders/th/whln_bp51ds0l8nw5m95p3pw0000gn/T/npm-1322890763794/1322890763794-0.9214150286279619/contents/___package.npm/givenwhenthen/content/landing_page.md
silly asyncMap in gTP /var/folders/th/whln_bp51ds0l8nw5m95p3pw0000gn/T/npm-1322890763794/1322890763794-0.9214150286279619/contents/___package.npm/givenwhenthen/test
silly asyncMap in gTP /var/folders/th/whln_bp51ds0l8nw5m95p3pw0000gn/T/npm-1322890763794/1322890763794-0.9214150286279619/contents/___package.npm/givenwhenthen/test/acceptance_spec.coffee
silly asyncMap in gTP /var/folders/th/whln_bp51ds0l8nw5m95p3pw0000gn/T/npm-1322890763794/1322890763794-0.9214150286279619/contents/___package.npm/givenwhenthen/test/acceptance_tools_spec.coffee
silly asyncMap in gTP /var/folders/th/whln_bp51ds0l8nw5m95p3pw0000gn/T/npm-1322890763794/1322890763794-0.9214150286279619/contents/___package.npm/givenwhenthen/test/fs_spec.coffee
silly asyncMap in gTP /var/folders/th/whln_bp51ds0l8nw5m95p3pw0000gn/T/npm-1322890763794/1322890763794-0.9214150286279619/contents/___package.npm/givenwhenthen/lib
silly asyncMap in gTP /var/folders/th/whln_bp51ds0l8nw5m95p3pw0000gn/T/npm-1322890763794/1322890763794-0.9214150286279619/contents/___package.npm/givenwhenthen/lib/acceptance.coffee
silly asyncMap in gTP /var/folders/th/whln_bp51ds0l8nw5m95p3pw0000gn/T/npm-1322890763794/1322890763794-0.9214150286279619/contents/___package.npm/givenwhenthen/lib/acceptance_tools.coffee
silly asyncMap in gTP /var/folders/th/whln_bp51ds0l8nw5m95p3pw0000gn/T/npm-1322890763794/1322890763794-0.9214150286279619/contents/___package.npm/givenwhenthen/lib/fs.coffee
silly asyncMap in gTP /var/folders/th/whln_bp51ds0l8nw5m95p3pw0000gn/T/npm-1322890763794/1322890763794-0.9214150286279619/contents/___package.npm/givenwhenthen/examples
silly asyncMap in gTP /var/folders/th/whln_bp51ds0l8nw5m95p3pw0000gn/T/npm-1322890763794/1322890763794-0.9214150286279619/contents/___package.npm/givenwhenthen/examples/Cakefile
silly asyncMap in gTP /var/folders/th/whln_bp51ds0l8nw5m95p3pw0000gn/T/npm-1322890763794/1322890763794-0.9214150286279619/contents/___package.npm/givenwhenthen/examples/test
silly asyncMap in gTP /var/folders/th/whln_bp51ds0l8nw5m95p3pw0000gn/T/npm-1322890763794/1322890763794-0.9214150286279619/contents/___package.npm/givenwhenthen/examples/test/acceptance
silly asyncMap in gTP /var/folders/th/whln_bp51ds0l8nw5m95p3pw0000gn/T/npm-1322890763794/1322890763794-0.9214150286279619/contents/___package.npm/givenwhenthen/examples/test/acceptance/config.coffee
silly asyncMap in gTP /var/folders/th/whln_bp51ds0l8nw5m95p3pw0000gn/T/npm-1322890763794/1322890763794-0.9214150286279619/contents/___package.npm/givenwhenthen/examples/test/acceptance/steps
silly asyncMap in gTP /var/folders/th/whln_bp51ds0l8nw5m95p3pw0000gn/T/npm-1322890763794/1322890763794-0.9214150286279619/contents/___package.npm/givenwhenthen/examples/test/acceptance/steps/common_steps.coffee
silly asyncMap in gTP /var/folders/th/whln_bp51ds0l8nw5m95p3pw0000gn/T/npm-1322890763794/1322890763794-0.9214150286279619/contents/___package.npm/givenwhenthen/examples/test/acceptance/steps/other_steps.coffee
silly asyncMap in gTP /var/folders/th/whln_bp51ds0l8nw5m95p3pw0000gn/T/npm-1322890763794/1322890763794-0.9214150286279619/contents/___package.npm/givenwhenthen/examples/test/acceptance/tests
silly asyncMap in gTP /var/folders/th/whln_bp51ds0l8nw5m95p3pw0000gn/T/npm-1322890763794/1322890763794-0.9214150286279619/contents/___package.npm/givenwhenthen/examples/test/acceptance/tests/google_search_test.coffee
verbose gunzed /var/folders/th/whln_bp51ds0l8nw5m95p3pw0000gn/T/npm-1322890763794/1322890763794-0.9214150286279619/contents/___package.npm/givenwhenthen
verbose rm'ed /var/folders/th/whln_bp51ds0l8nw5m95p3pw0000gn/T/npm-1322890763794/1322890763794-0.9214150286279619/contents/package
verbose renamed [ '/var/folders/th/whln_bp51ds0l8nw5m95p3pw0000gn/T/npm-1322890763794/1322890763794-0.9214150286279619/contents/___package.npm/givenwhenthen',
verbose renamed   '/var/folders/th/whln_bp51ds0l8nw5m95p3pw0000gn/T/npm-1322890763794/1322890763794-0.9214150286279619/contents/package' ]
silly testEngine { name: 'givenwhenthen',
silly testEngine   version: '0.0.5',
silly testEngine   description: 'BDD semantics for Selenium and Sauce Labs in Node.js',
silly testEngine   homepage: 'http://mulabs.io/givenwhenthen/',
silly testEngine   author: 
silly testEngine    { name: 'Doug Wright',
silly testEngine      url: 'https://github.com/wright-io' },
silly testEngine   contributors: [ { name: 'Phil Cockfield' } ],
silly testEngine   main: './index.js',
silly testEngine   repository: 
silly testEngine    { type: 'git',
silly testEngine      url: 'git://github.com/wright-io/givenwhenthen.git' },
silly testEngine   dependencies: 
silly testEngine    { 'open.core': '>= 0.1.177',
silly testEngine      soda: '>= 0.2.4',
silly testEngine      'coffee-script': '>= 1.1.1',
silly testEngine      'jasmine-node': '>= 1.0.6' },
silly testEngine   keywords: 
silly testEngine    [ 'bdd',
silly testEngine      'tdd',
silly testEngine      'cucumber',
silly testEngine      'sauce labs',
silly testEngine      'selenium',
silly testEngine      'soda',
silly testEngine      'testing',
silly testEngine      'acceptance testing',
silly testEngine      'integration testing',
silly testEngine      'behavior driven development',
silly testEngine      'test driven development',
silly testEngine      'Dan North' ],
silly testEngine   licenses: 
silly testEngine    [ { type: 'MIT',
silly testEngine        url: 'https://github.com/wright-io/givenwhenthen/blob/master/README' } ],
silly testEngine   _npmUser: { name: 'philcockfield', email: 'phil@cockfield.net' },
silly testEngine   _id: 'givenwhenthen@0.0.5',
silly testEngine   devDependencies: {},
silly testEngine   engines: { node: '*' },
silly testEngine   _engineSupported: true,
silly testEngine   _npmVersion: '1.0.103',
silly testEngine   _nodeVersion: 'v0.4.7',
silly testEngine   _defaultsLoaded: true,
silly testEngine   path: '/var/folders/th/whln_bp51ds0l8nw5m95p3pw0000gn/T/npm-1322890763794/1322890763794-0.9214150286279619/contents/package' }
verbose caching /var/folders/th/whln_bp51ds0l8nw5m95p3pw0000gn/T/npm-1322890763794/1322890763794-0.9214150286279619/contents/package/package.json
verbose loadDefaults givenwhenthen@0.0.5
verbose tarball contents [ 'package' ]
verbose from cache /var/folders/th/whln_bp51ds0l8nw5m95p3pw0000gn/T/npm-1322890763794/1322890763794-0.9214150286279619/contents/package/package.json
verbose pack /var/folders/th/whln_bp51ds0l8nw5m95p3pw0000gn/T/npm-1322890763794/1322890763794-0.9214150286279619/contents/package /Users/phil/.npm/givenwhenthen/0.0.5/package.tgz
verbose mkdir'ed /Users/phil/.npm/givenwhenthen/0.0.5
verbose tar about to write tar and gzip it.
silly tar args [ '-czvf', '-', '-T', '-' ]
silly spawning [ 'tar',
silly spawning   [ '-czvf', '-', '-T', '-' ],
silly spawning   '/var/folders/th/whln_bp51ds0l8nw5m95p3pw0000gn/T/npm-1322890763794/1322890763794-0.9214150286279619/contents' ]
verbose mkdir (expected) error ENOENT, No such file or directory '/Users/phil/.npm/givenwhenthen/0.0.5/___package.npm'
verbose mkdir done: /Users/phil/.npm/givenwhenthen/0.0.5/___package.npm 755
verbose unpack_ uid, gid [ undefined, undefined ]
verbose unpackTarget /Users/phil/.npm/givenwhenthen/0.0.5/package
silly gunzTarPerm modes [ '755', '644' ]
silly spawning [ 'tar',
silly spawning   [ '-zmvxpf',
silly spawning     '/Users/phil/.npm/givenwhenthen/0.0.5/package.tgz',
silly spawning     '-o' ],
silly spawning   '/Users/phil/.npm/givenwhenthen/0.0.5/___package.npm' ]
silly tar err x package/.gitignore
silly tar err x package/.nodemonignore
silly tar err x package/Cakefile
silly tar err x package/index.js
silly tar err x package/package.json
silly tar err x package/README.md
silly tar err x package/content/landing_page.md
silly tar err x package/lib/acceptance.coffee
silly tar err x package/lib/acceptance_tools.coffee
silly tar err x package/lib/fs.coffee
silly tar err x package/test/acceptance_spec.coffee
silly tar err x package/test/acceptance_tools_spec.coffee
silly tar err x package/test/fs_spec.coffee
silly tar err x package/examples/Cakefile
silly tar err x package/examples/test/acceptance/config.coffee
silly tar err x package/examples/test/acceptance/steps/common_steps.coffee
silly tar err x package/examples/test/acceptance/steps/other_steps.coffee
silly tar err x package/examples/test/acceptance/tests/google_search_test.coffee
silly asyncMap in gTP /Users/phil/.npm/givenwhenthen/0.0.5/___package.npm/package
silly asyncMap in gTP /Users/phil/.npm/givenwhenthen/0.0.5/___package.npm/package/.gitignore
silly asyncMap in gTP /Users/phil/.npm/givenwhenthen/0.0.5/___package.npm/package/.nodemonignore
silly asyncMap in gTP /Users/phil/.npm/givenwhenthen/0.0.5/___package.npm/package/Cakefile
silly asyncMap in gTP /Users/phil/.npm/givenwhenthen/0.0.5/___package.npm/package/index.js
silly asyncMap in gTP /Users/phil/.npm/givenwhenthen/0.0.5/___package.npm/package/package.json
silly asyncMap in gTP /Users/phil/.npm/givenwhenthen/0.0.5/___package.npm/package/README.md
silly asyncMap in gTP /Users/phil/.npm/givenwhenthen/0.0.5/___package.npm/package/content
silly asyncMap in gTP /Users/phil/.npm/givenwhenthen/0.0.5/___package.npm/package/content/landing_page.md
silly asyncMap in gTP /Users/phil/.npm/givenwhenthen/0.0.5/___package.npm/package/lib
silly asyncMap in gTP /Users/phil/.npm/givenwhenthen/0.0.5/___package.npm/package/lib/acceptance.coffee
silly asyncMap in gTP /Users/phil/.npm/givenwhenthen/0.0.5/___package.npm/package/lib/acceptance_tools.coffee
silly asyncMap in gTP /Users/phil/.npm/givenwhenthen/0.0.5/___package.npm/package/lib/fs.coffee
silly asyncMap in gTP /Users/phil/.npm/givenwhenthen/0.0.5/___package.npm/package/test
silly asyncMap in gTP /Users/phil/.npm/givenwhenthen/0.0.5/___package.npm/package/test/acceptance_spec.coffee
silly asyncMap in gTP /Users/phil/.npm/givenwhenthen/0.0.5/___package.npm/package/test/acceptance_tools_spec.coffee
silly asyncMap in gTP /Users/phil/.npm/givenwhenthen/0.0.5/___package.npm/package/test/fs_spec.coffee
silly asyncMap in gTP /Users/phil/.npm/givenwhenthen/0.0.5/___package.npm/package/examples
silly asyncMap in gTP /Users/phil/.npm/givenwhenthen/0.0.5/___package.npm/package/examples/Cakefile
silly asyncMap in gTP /Users/phil/.npm/givenwhenthen/0.0.5/___package.npm/package/examples/test
silly asyncMap in gTP /Users/phil/.npm/givenwhenthen/0.0.5/___package.npm/package/examples/test/acceptance
silly asyncMap in gTP /Users/phil/.npm/givenwhenthen/0.0.5/___package.npm/package/examples/test/acceptance/config.coffee
silly asyncMap in gTP /Users/phil/.npm/givenwhenthen/0.0.5/___package.npm/package/examples/test/acceptance/steps
silly asyncMap in gTP /Users/phil/.npm/givenwhenthen/0.0.5/___package.npm/package/examples/test/acceptance/steps/common_steps.coffee
silly asyncMap in gTP /Users/phil/.npm/givenwhenthen/0.0.5/___package.npm/package/examples/test/acceptance/steps/other_steps.coffee
silly asyncMap in gTP /Users/phil/.npm/givenwhenthen/0.0.5/___package.npm/package/examples/test/acceptance/tests
silly asyncMap in gTP /Users/phil/.npm/givenwhenthen/0.0.5/___package.npm/package/examples/test/acceptance/tests/google_search_test.coffee
verbose gunzed /Users/phil/.npm/givenwhenthen/0.0.5/___package.npm/package
verbose rm'ed /Users/phil/.npm/givenwhenthen/0.0.5/package
verbose renamed [ '/Users/phil/.npm/givenwhenthen/0.0.5/___package.npm/package',
verbose renamed   '/Users/phil/.npm/givenwhenthen/0.0.5/package' ]
silly testEngine { name: 'givenwhenthen',
silly testEngine   version: '0.0.5',
silly testEngine   description: 'BDD semantics for Selenium and Sauce Labs in Node.js',
silly testEngine   homepage: 'http://mulabs.io/givenwhenthen/',
silly testEngine   author: 
silly testEngine    { name: 'Doug Wright',
silly testEngine      url: 'https://github.com/wright-io' },
silly testEngine   contributors: [ { name: 'Phil Cockfield' } ],
silly testEngine   main: './index.js',
silly testEngine   repository: 
silly testEngine    { type: 'git',
silly testEngine      url: 'git://github.com/wright-io/givenwhenthen.git' },
silly testEngine   dependencies: 
silly testEngine    { 'open.core': '>= 0.1.177',
silly testEngine      soda: '>= 0.2.4',
silly testEngine      'coffee-script': '>= 1.1.1',
silly testEngine      'jasmine-node': '>= 1.0.6' },
silly testEngine   keywords: 
silly testEngine    [ 'bdd',
silly testEngine      'tdd',
silly testEngine      'cucumber',
silly testEngine      'sauce labs',
silly testEngine      'selenium',
silly testEngine      'soda',
silly testEngine      'testing',
silly testEngine      'acceptance testing',
silly testEngine      'integration testing',
silly testEngine      'behavior driven development',
silly testEngine      'test driven development',
silly testEngine      'Dan North' ],
silly testEngine   licenses: 
silly testEngine    [ { type: 'MIT',
silly testEngine        url: 'https://github.com/wright-io/givenwhenthen/blob/master/README' } ],
silly testEngine   _npmUser: { name: 'philcockfield', email: 'phil@cockfield.net' },
silly testEngine   _id: 'givenwhenthen@0.0.5',
silly testEngine   devDependencies: {},
silly testEngine   engines: { node: '*' },
silly testEngine   _engineSupported: true,
silly testEngine   _npmVersion: '1.0.103',
silly testEngine   _nodeVersion: 'v0.4.7',
silly testEngine   _defaultsLoaded: true,
silly testEngine   dist: 
silly testEngine    { shasum: 'ddfcbbe77449e41b5ceb329f8660a75751618d98',
silly testEngine      tarball: 'http://registry.npmjs.org/givenwhenthen/-/givenwhenthen-0.0.5.tgz' } }
verbose caching /Users/phil/.npm/givenwhenthen/0.0.5/package/package.json
verbose loadDefaults givenwhenthen@0.0.5
silly updated sha bytes 20480
info shasum ddfcbbe77449e41b5ceb329f8660a75751618d98
info shasum /Users/phil/.npm/givenwhenthen/0.0.5/package.tgz
verbose from cache /Users/phil/.npm/givenwhenthen/0.0.5/package/package.json
verbose chmod /Users/phil/.npm/givenwhenthen/0.0.5/package.tgz 644
verbose chown [ '/Users/phil/.npm/givenwhenthen/0.0.5/package.tgz',
verbose chown   501,
verbose chown   20 ]
silly publish { name: 'givenwhenthen',
silly publish   version: '0.0.5',
silly publish   description: 'BDD semantics for Selenium and Sauce Labs in Node.js',
silly publish   homepage: 'http://mulabs.io/givenwhenthen/',
silly publish   author: 
silly publish    { name: 'Doug Wright',
silly publish      url: 'https://github.com/wright-io' },
silly publish   contributors: [ { name: 'Phil Cockfield' } ],
silly publish   main: './index.js',
silly publish   repository: 
silly publish    { type: 'git',
silly publish      url: 'git://github.com/wright-io/givenwhenthen.git' },
silly publish   dependencies: 
silly publish    { 'open.core': '>= 0.1.177',
silly publish      soda: '>= 0.2.4',
silly publish      'coffee-script': '>= 1.1.1',
silly publish      'jasmine-node': '>= 1.0.6' },
silly publish   keywords: 
silly publish    [ 'bdd',
silly publish      'tdd',
silly publish      'cucumber',
silly publish      'sauce labs',
silly publish      'selenium',
silly publish      'soda',
silly publish      'testing',
silly publish      'acceptance testing',
silly publish      'integration testing',
silly publish      'behavior driven development',
silly publish      'test driven development',
silly publish      'Dan North' ],
silly publish   licenses: 
silly publish    [ { type: 'MIT',
silly publish        url: 'https://github.com/wright-io/givenwhenthen/blob/master/README' } ],
silly publish   _npmUser: { name: 'philcockfield', email: 'phil@cockfield.net' },
silly publish   _id: 'givenwhenthen@0.0.5',
silly publish   devDependencies: {},
silly publish   engines: { node: '*' },
silly publish   _engineSupported: true,
silly publish   _npmVersion: '1.0.103',
silly publish   _nodeVersion: 'v0.4.7',
silly publish   _defaultsLoaded: true,
silly publish   dist: 
silly publish    { shasum: 'ddfcbbe77449e41b5ceb329f8660a75751618d98',
silly publish      tarball: 'http://registry.npmjs.org/givenwhenthen/-/givenwhenthen-0.0.5.tgz' } }
verbose PUT givenwhenthen
verbose raw, before any munging givenwhenthen
verbose url resolving [ 'http://registry.npmjs.org/', './givenwhenthen' ]
verbose url resolved http://registry.npmjs.org/givenwhenthen
verbose GET givenwhenthen
verbose raw, before any munging givenwhenthen
verbose url resolving [ 'http://registry.npmjs.org/', './givenwhenthen' ]
verbose url resolved http://registry.npmjs.org/givenwhenthen
info Already published givenwhenthen@0.0.5
verbose uploading bin dists []
ERR! publish fail Cannot publish over existing version.
ERR! publish fail Bump the 'version' field, set the --force flag, or
ERR! publish fail     npm unpublish 'givenwhenthen@0.0.5'
ERR! publish fail and try again
ERR! 
ERR! System Darwin 11.2.0
ERR! command "node" "/Users/phil/local/node/bin/npm" "publish"
ERR! cwd /Users/phil/Dropbox/Code/JavaScript/mu/givenwhenthen
ERR! node -v v0.4.7
ERR! npm -v 1.0.103
ERR! code EPUBLISHCONFLICT
verbose exit [ 1, true ]
